# JRE version: OpenJDK Runtime Environment Corretto-19.0.2.7.1 (19.0.2+7) (build 19.0.2+7-FR)
# Java VM: OpenJDK 64-Bit Server VM Corretto-19.0.2.7.1 (19.0.2+7-FR, mixed mode, sharing, tiered, compressed oops, compressed class ptrs, g1 gc, windows-amd64)
GC Precious Log:
 CardTable entry size: 512
 Card Set container configuration: InlinePtr #cards 5 size 8 Array Of Cards #cards 12 size 40 Howl #buckets 4 coarsen threshold 1843 Howl Bitmap #cards 512 size 80 coarsen threshold 460 Card regions per heap region 1 cards per card region 2048
 CPUs: 4 total, 4 available
 Memory: 3503M
 Large Page Support: Disabled
 NUMA Support: Disabled
 Compressed Oops: Enabled (32-bit)
 Heap Region Size: 1M
 Heap Min Capacity: 8M
 Heap Initial Capacity: 56M
 Heap Max Capacity: 876M
 Pre-touch: Disabled
 Parallel Workers: 4
 Concurrent Workers: 1
 Concurrent Refinement Workers: 4
 Periodic GC: Disabled
Heap:
 garbage-first heap   total 37888K, used 36580K [0x00000000c9400000, 0x0000000100000000)
  region size 1024K, 30 young (30720K), 3 survivors (3072K)
 Metaspace       used 26302K, committed 26688K, reserved 1114112K
  class space    used 3310K, committed 3456K, reserved 1048576K
GC Heap History (10 events):
Event: 1.990 GC heap before
{Heap before GC invocations=0 (full 0):
 garbage-first heap   total 57344K, used 12288K [0x00000000c9400000, 0x0000000100000000)
  region size 1024K, 13 young (13312K), 0 survivors (0K)
 Metaspace       used 3994K, committed 4224K, reserved 1114112K
  class space    used 396K, committed 512K, reserved 1048576K
}
Event: 1.999 GC heap after
{Heap after GC invocations=1 (full 0):
 garbage-first heap   total 57344K, used 4627K [0x00000000c9400000, 0x0000000100000000)
  region size 1024K, 2 young (2048K), 2 survivors (2048K)
 Metaspace       used 3994K, committed 4224K, reserved 1114112K
  class space    used 396K, committed 512K, reserved 1048576K
}
Event: 3.366 GC heap before
{Heap before GC invocations=1 (full 0):
 garbage-first heap   total 57344K, used 17939K [0x00000000c9400000, 0x0000000100000000)
  region size 1024K, 15 young (15360K), 2 survivors (2048K)
 Metaspace       used 7496K, committed 7744K, reserved 1114112K
  class space    used 859K, committed 1024K, reserved 1048576K
}
Event: 3.378 GC heap after
{Heap after GC invocations=2 (full 0):
 garbage-first heap   total 57344K, used 5876K [0x00000000c9400000, 0x0000000100000000)
  region size 1024K, 2 young (2048K), 2 survivors (2048K)
 Metaspace       used 7496K, committed 7744K, reserved 1114112K
  class space    used 859K, committed 1024K, reserved 1048576K
}
Event: 9.400 GC heap before
{Heap before GC invocations=2 (full 0):
 garbage-first heap   total 57344K, used 25332K [0x00000000c9400000, 0x0000000100000000)
  region size 1024K, 22 young (22528K), 2 survivors (2048K)
 Metaspace       used 12855K, committed 13056K, reserved 1114112K
  class space    used 1651K, committed 1728K, reserved 1048576K
}
Event: 9.408 GC heap after
{Heap after GC invocations=3 (full 0):
 garbage-first heap   total 57344K, used 7287K [0x00000000c9400000, 0x0000000100000000)
  region size 1024K, 3 young (3072K), 3 survivors (3072K)
 Metaspace       used 12855K, committed 13056K, reserved 1114112K
  class space    used 1651K, committed 1728K, reserved 1048576K
}
Event: 13.631 GC heap before
{Heap before GC invocations=3 (full 0):
 garbage-first heap   total 57344K, used 34935K [0x00000000c9400000, 0x0000000100000000)
  region size 1024K, 31 young (31744K), 3 survivors (3072K)
 Metaspace       used 19381K, committed 19584K, reserved 1114112K
  class space    used 2373K, committed 2496K, reserved 1048576K
}
Event: 13.640 GC heap after
{Heap after GC invocations=4 (full 0):
 garbage-first heap   total 57344K, used 9149K [0x00000000c9400000, 0x0000000100000000)
  region size 1024K, 4 young (4096K), 4 survivors (4096K)
 Metaspace       used 19381K, committed 19584K, reserved 1114112K
  class space    used 2373K, committed 2496K, reserved 1048576K
}
Event: 16.683 GC heap before
{Heap before GC invocations=4 (full 0):
 garbage-first heap   total 57344K, used 23485K [0x00000000c9400000, 0x0000000100000000)
  region size 1024K, 19 young (19456K), 4 survivors (4096K)
 Metaspace       used 21254K, committed 21504K, reserved 1114112K
  class space    used 2597K, committed 2752K, reserved 1048576K
}
Event: 16.691 GC heap after
{Heap after GC invocations=5 (full 0):
 garbage-first heap   total 57344K, used 9956K [0x00000000c9400000, 0x0000000100000000)
  region size 1024K, 3 young (3072K), 3 survivors (3072K)
 Metaspace       used 21254K, committed 21504K, reserved 1114112K
  class space    used 2597K, committed 2752K, reserved 1048576K
}

